time="2021-11-04T10:35:13-04:00" level=info msg="config file not found, proceeding without it"
time="2021-11-04T10:35:13-04:00" level=info msg="certification library version 0.0.0 <commit: e97c94ce88a6039637647b941d055d39c0ea98c5>"
time="2021-11-04T10:35:13-04:00" level=info msg="target image: quay.io/yoza/grafanacloud-operator-bundle:v1.0.0"
time="2021-11-04T10:35:13-04:00" level=info msg="pulling image from target registry"
time="2021-11-04T10:35:14-04:00" level=debug msg="temporary directory is /var/folders/zs/rb9kxcf50f13hlk4h1_syxgr0000gn/T/preflight-3613228020"
time="2021-11-04T10:35:14-04:00" level=debug msg="exporting and flattening image"
time="2021-11-04T10:35:14-04:00" level=debug msg="extracting container filesystem to /var/folders/zs/rb9kxcf50f13hlk4h1_syxgr0000gn/T/preflight-3613228020/fs"
time="2021-11-04T10:35:14-04:00" level=debug msg="writing container filesystem to output dir/var/folders/zs/rb9kxcf50f13hlk4h1_syxgr0000gn/T/preflight-3613228020/fs"
time="2021-11-04T10:35:15-04:00" level=debug msg="fetching operator version and openshift-apiserver version [{operator 4.9.0} {openshift-apiserver 4.9.0}] from https://api.yoza-test-4.9.coreostrain.me:6443"
time="2021-11-04T10:35:15-04:00" level=info msg="executing checks"
time="2021-11-04T10:35:15-04:00" level=info msg="running check: ScorecardBasicSpecCheck"
time="2021-11-04T10:35:15-04:00" level=debug msg="Running operator-sdk scorecard check for quay.io/yoza/grafanacloud-operator-bundle:v1.0.0"
time="2021-11-04T10:35:15-04:00" level=debug msg="--selector=[test=basic-check-spec-test]"
time="2021-11-04T10:35:15-04:00" level=trace msg="running scorecard with the following invocation[operator-sdk scorecard --output json --selector=test=basic-check-spec-test --kubeconfig /Users/yoza/Desktop/openshift-cluster/auth/kubeconfig --namespace default --service-account default --config /var/folders/zs/rb9kxcf50f13hlk4h1_syxgr0000gn/T/scorecard-test-config-1240315574.yaml --verbose /var/folders/zs/rb9kxcf50f13hlk4h1_syxgr0000gn/T/preflight-3613228020/fs]"
time="2021-11-04T10:35:20-04:00" level=info msg="check completed: ScorecardBasicSpecCheck" result=PASSED
time="2021-11-04T10:35:20-04:00" level=info msg="running check: ScorecardOlmSuiteCheck"
time="2021-11-04T10:35:20-04:00" level=debug msg="Running operator-sdk scorecard Check for quay.io/yoza/grafanacloud-operator-bundle:v1.0.0"
time="2021-11-04T10:35:20-04:00" level=debug msg="--selector=[suite=olm]"
time="2021-11-04T10:35:20-04:00" level=trace msg="running scorecard with the following invocation[operator-sdk scorecard --output json --selector=suite=olm --kubeconfig /Users/yoza/Desktop/openshift-cluster/auth/kubeconfig --namespace default --service-account default --config /var/folders/zs/rb9kxcf50f13hlk4h1_syxgr0000gn/T/scorecard-test-config-1990339925.yaml --verbose /var/folders/zs/rb9kxcf50f13hlk4h1_syxgr0000gn/T/preflight-3613228020/fs]"
time="2021-11-04T10:35:26-04:00" level=info msg="check completed: ScorecardOlmSuiteCheck" result=PASSED
time="2021-11-04T10:35:26-04:00" level=info msg="running check: DeployableByOLM"
time="2021-11-04T10:35:28-04:00" level=trace msg="reading annotations file from the bundle"
time="2021-11-04T10:35:28-04:00" level=debug msg="mounted directory is /var/folders/zs/rb9kxcf50f13hlk4h1_syxgr0000gn/T/preflight-3613228020/fs"
time="2021-11-04T10:35:28-04:00" level=trace msg="searching for key (operators.operatorframework.io.bundle.channel.default.v1) in bundle"
time="2021-11-04T10:35:28-04:00" level=trace msg="bundle data: map[operators.operatorframework.io.bundle.channel.default.v1:alpha operators.operatorframework.io.bundle.channels.v1:alpha operators.operatorframework.io.bundle.manifests.v1:manifests/ operators.operatorframework.io.bundle.mediatype.v1:registry+v1 operators.operatorframework.io.bundle.metadata.v1:metadata/ operators.operatorframework.io.bundle.package.v1:grafanacloud-operator operators.operatorframework.io.metrics.builder:operator-sdk-v1.12.0 operators.operatorframework.io.metrics.mediatype.v1:metrics+v1 operators.operatorframework.io.metrics.project_layout:go.kubebuilder.io/v3 operators.operatorframework.io.test.config.v1:tests/scorecard/ operators.operatorframework.io.test.mediatype.v1:scorecard+v1]"
time="2021-11-04T10:35:28-04:00" level=trace msg="searching for key (operators.operatorframework.io.bundle.package.v1) in bundle"
time="2021-11-04T10:35:28-04:00" level=trace msg="bundle data: map[operators.operatorframework.io.bundle.channel.default.v1:alpha operators.operatorframework.io.bundle.channels.v1:alpha operators.operatorframework.io.bundle.manifests.v1:manifests/ operators.operatorframework.io.bundle.mediatype.v1:registry+v1 operators.operatorframework.io.bundle.metadata.v1:metadata/ operators.operatorframework.io.bundle.package.v1:grafanacloud-operator operators.operatorframework.io.metrics.builder:operator-sdk-v1.12.0 operators.operatorframework.io.metrics.mediatype.v1:metrics+v1 operators.operatorframework.io.metrics.project_layout:go.kubebuilder.io/v3 operators.operatorframework.io.test.config.v1:tests/scorecard/ operators.operatorframework.io.test.mediatype.v1:scorecard+v1]"
time="2021-11-04T10:35:28-04:00" level=debug msg="Namespace created: grafanacloud-operator"
time="2021-11-04T10:35:28-04:00" level=debug msg="No docker config file is found to access the index image in private registries. Proceeding..."
time="2021-11-04T10:35:31-04:00" level=debug msg="Creating CatalogSource grafanacloud-operator in namespace grafanacloud-operator"
time="2021-11-04T10:35:31-04:00" level=debug msg="CatalogSource grafanacloud-operator is created successfully in namespace grafanacloud-operator"
time="2021-11-04T10:35:33-04:00" level=debug msg="Creating OperatorGroup grafanacloud-operator in namespace grafanacloud-operator"
time="2021-11-04T10:35:33-04:00" level=debug msg="OperatorGroup grafanacloud-operator is created successfully in namespace grafanacloud-operator"
time="2021-11-04T10:35:36-04:00" level=debug msg="Creating Subscription grafanacloud-operator in namespace grafanacloud-operator"
time="2021-11-04T10:35:36-04:00" level=debug msg="Subscription grafanacloud-operator is created successfully in namespace grafanacloud-operator"
time="2021-11-04T10:35:36-04:00" level=debug msg="Waiting for object grafanacloud-operator/grafanacloud-operator to become ready..."
time="2021-11-04T10:35:38-04:00" level=debug msg="fetching subscription grafanacloud-operator from namespace grafanacloud-operator "
time="2021-11-04T10:35:38-04:00" level=trace msg="{  <nil>   0 nil [{&ObjectReference{Kind:CatalogSource,Namespace:grafanacloud-operator,Name:grafanacloud-operator,UID:2dd32d03-0344-4889-9fcb-3e457f2e33d2,APIVersion:operators.coreos.com/v1alpha1,ResourceVersion:1506304,FieldPath:,} 2021-11-04 10:35:36 -0400 EDT true} {&ObjectReference{Kind:CatalogSource,Namespace:openshift-marketplace,Name:certified-operators,UID:61c2636c-c330-4e5e-bc9a-4b8e4e8cc9d8,APIVersion:operators.coreos.com/v1alpha1,ResourceVersion:1503791,FieldPath:,} 2021-11-04 10:35:36 -0400 EDT true} {&ObjectReference{Kind:CatalogSource,Namespace:openshift-marketplace,Name:community-operators,UID:4d0c7a92-4593-4eb2-9407-89e793d0b32d,APIVersion:operators.coreos.com/v1alpha1,ResourceVersion:1504937,FieldPath:,} 2021-11-04 10:35:36 -0400 EDT true} {&ObjectReference{Kind:CatalogSource,Namespace:openshift-marketplace,Name:my-test-operators,UID:65a8b34c-5188-49f9-ad7d-ae04cc09b312,APIVersion:operators.coreos.com/v1alpha1,ResourceVersion:1504936,FieldPath:,} 2021-11-04 10:35:36 -0400 EDT true} {&ObjectReference{Kind:CatalogSource,Namespace:openshift-marketplace,Name:redhat-marketplace,UID:48bed0d8-f761-42c4-a247-987475d51da2,APIVersion:operators.coreos.com/v1alpha1,ResourceVersion:1504478,FieldPath:,} 2021-11-04 10:35:36 -0400 EDT true} {&ObjectReference{Kind:CatalogSource,Namespace:openshift-marketplace,Name:redhat-operators,UID:c02f1896-40f4-4167-8d85-ec5bf5ecaeed,APIVersion:operators.coreos.com/v1alpha1,ResourceVersion:1504711,FieldPath:,} 2021-11-04 10:35:36 -0400 EDT true}] [{CatalogSourcesUnhealthy False CatalogSourcesAdded all available catalogsources are healthy <nil> 2021-11-04 10:35:36 -0400 EDT} {ResolutionFailed True ConstraintsNotSatisfiable constraints not satisfiable: no operators found from catalog grafanacloud-operator in namespace grafanacloud-operator referenced by subscription grafanacloud-operator, subscription grafanacloud-operator exists <nil> <nil>}] 2021-11-04 10:35:38 -0400 EDT}"
time="2021-11-04T10:35:38-04:00" level=debug msg="Object grafanacloud-operator/grafanacloud-operator is not set yet, retrying..."
time="2021-11-04T10:35:40-04:00" level=debug msg="Waiting for object grafanacloud-operator/grafanacloud-operator to become ready..."
time="2021-11-04T10:35:43-04:00" level=debug msg="fetching subscription grafanacloud-operator from namespace grafanacloud-operator "
time="2021-11-04T10:35:43-04:00" level=trace msg="{  <nil>   0 nil [{&ObjectReference{Kind:CatalogSource,Namespace:grafanacloud-operator,Name:grafanacloud-operator,UID:2dd32d03-0344-4889-9fcb-3e457f2e33d2,APIVersion:operators.coreos.com/v1alpha1,ResourceVersion:1506381,FieldPath:,} 2021-11-04 10:35:42 -0400 EDT true} {&ObjectReference{Kind:CatalogSource,Namespace:openshift-marketplace,Name:certified-operators,UID:61c2636c-c330-4e5e-bc9a-4b8e4e8cc9d8,APIVersion:operators.coreos.com/v1alpha1,ResourceVersion:1503791,FieldPath:,} 2021-11-04 10:35:42 -0400 EDT true} {&ObjectReference{Kind:CatalogSource,Namespace:openshift-marketplace,Name:community-operators,UID:4d0c7a92-4593-4eb2-9407-89e793d0b32d,APIVersion:operators.coreos.com/v1alpha1,ResourceVersion:1504937,FieldPath:,} 2021-11-04 10:35:42 -0400 EDT true} {&ObjectReference{Kind:CatalogSource,Namespace:openshift-marketplace,Name:my-test-operators,UID:65a8b34c-5188-49f9-ad7d-ae04cc09b312,APIVersion:operators.coreos.com/v1alpha1,ResourceVersion:1504936,FieldPath:,} 2021-11-04 10:35:42 -0400 EDT true} {&ObjectReference{Kind:CatalogSource,Namespace:openshift-marketplace,Name:redhat-marketplace,UID:48bed0d8-f761-42c4-a247-987475d51da2,APIVersion:operators.coreos.com/v1alpha1,ResourceVersion:1504478,FieldPath:,} 2021-11-04 10:35:42 -0400 EDT true} {&ObjectReference{Kind:CatalogSource,Namespace:openshift-marketplace,Name:redhat-operators,UID:c02f1896-40f4-4167-8d85-ec5bf5ecaeed,APIVersion:operators.coreos.com/v1alpha1,ResourceVersion:1504711,FieldPath:,} 2021-11-04 10:35:42 -0400 EDT true}] [{CatalogSourcesUnhealthy False AllCatalogSourcesHealthy all available catalogsources are healthy <nil> 2021-11-04 10:35:42 -0400 EDT} {ResolutionFailed True ConstraintsNotSatisfiable constraints not satisfiable: no operators found from catalog grafanacloud-operator in namespace grafanacloud-operator referenced by subscription grafanacloud-operator, subscription grafanacloud-operator exists <nil> <nil>}] 2021-11-04 10:35:42 -0400 EDT}"
time="2021-11-04T10:35:43-04:00" level=debug msg="Object grafanacloud-operator/grafanacloud-operator is not set yet, retrying..."
time="2021-11-04T10:35:45-04:00" level=debug msg="Waiting for object grafanacloud-operator/grafanacloud-operator to become ready..."
time="2021-11-04T10:35:47-04:00" level=debug msg="fetching subscription grafanacloud-operator from namespace grafanacloud-operator "
time="2021-11-04T10:35:47-04:00" level=trace msg="{  <nil>   0 nil [{&ObjectReference{Kind:CatalogSource,Namespace:grafanacloud-operator,Name:grafanacloud-operator,UID:2dd32d03-0344-4889-9fcb-3e457f2e33d2,APIVersion:operators.coreos.com/v1alpha1,ResourceVersion:1506381,FieldPath:,} 2021-11-04 10:35:44 -0400 EDT true} {&ObjectReference{Kind:CatalogSource,Namespace:openshift-marketplace,Name:certified-operators,UID:61c2636c-c330-4e5e-bc9a-4b8e4e8cc9d8,APIVersion:operators.coreos.com/v1alpha1,ResourceVersion:1503791,FieldPath:,} 2021-11-04 10:35:44 -0400 EDT true} {&ObjectReference{Kind:CatalogSource,Namespace:openshift-marketplace,Name:community-operators,UID:4d0c7a92-4593-4eb2-9407-89e793d0b32d,APIVersion:operators.coreos.com/v1alpha1,ResourceVersion:1504937,FieldPath:,} 2021-11-04 10:35:44 -0400 EDT true} {&ObjectReference{Kind:CatalogSource,Namespace:openshift-marketplace,Name:my-test-operators,UID:65a8b34c-5188-49f9-ad7d-ae04cc09b312,APIVersion:operators.coreos.com/v1alpha1,ResourceVersion:1504936,FieldPath:,} 2021-11-04 10:35:44 -0400 EDT true} {&ObjectReference{Kind:CatalogSource,Namespace:openshift-marketplace,Name:redhat-marketplace,UID:48bed0d8-f761-42c4-a247-987475d51da2,APIVersion:operators.coreos.com/v1alpha1,ResourceVersion:1504478,FieldPath:,} 2021-11-04 10:35:44 -0400 EDT true} {&ObjectReference{Kind:CatalogSource,Namespace:openshift-marketplace,Name:redhat-operators,UID:c02f1896-40f4-4167-8d85-ec5bf5ecaeed,APIVersion:operators.coreos.com/v1alpha1,ResourceVersion:1504711,FieldPath:,} 2021-11-04 10:35:44 -0400 EDT true}] [{CatalogSourcesUnhealthy False AllCatalogSourcesHealthy all available catalogsources are healthy <nil> 2021-11-04 10:35:44 -0400 EDT} {ResolutionFailed True ConstraintsNotSatisfiable constraints not satisfiable: no operators found from catalog grafanacloud-operator in namespace grafanacloud-operator referenced by subscription grafanacloud-operator, subscription grafanacloud-operator exists <nil> <nil>}] 2021-11-04 10:35:44 -0400 EDT}"
time="2021-11-04T10:35:47-04:00" level=debug msg="Object grafanacloud-operator/grafanacloud-operator is not set yet, retrying..."
time="2021-11-04T10:35:49-04:00" level=debug msg="Waiting for object grafanacloud-operator/grafanacloud-operator to become ready..."
time="2021-11-04T10:35:52-04:00" level=debug msg="fetching subscription grafanacloud-operator from namespace grafanacloud-operator "
time="2021-11-04T10:35:52-04:00" level=trace msg="{grafanacloud-operator.v0.0.1  0xc001198840 UpgradePending  1 &ObjectReference{Kind:InstallPlan,Namespace:grafanacloud-operator,Name:install-srjkp,UID:c680ea57-db08-43e4-abe2-3ee0aeb7c91f,APIVersion:operators.coreos.com/v1alpha1,ResourceVersion:1506436,FieldPath:,} [{&ObjectReference{Kind:CatalogSource,Namespace:grafanacloud-operator,Name:grafanacloud-operator,UID:2dd32d03-0344-4889-9fcb-3e457f2e33d2,APIVersion:operators.coreos.com/v1alpha1,ResourceVersion:1506381,FieldPath:,} 2021-11-04 10:35:44 -0400 EDT true} {&ObjectReference{Kind:CatalogSource,Namespace:openshift-marketplace,Name:certified-operators,UID:61c2636c-c330-4e5e-bc9a-4b8e4e8cc9d8,APIVersion:operators.coreos.com/v1alpha1,ResourceVersion:1503791,FieldPath:,} 2021-11-04 10:35:44 -0400 EDT true} {&ObjectReference{Kind:CatalogSource,Namespace:openshift-marketplace,Name:community-operators,UID:4d0c7a92-4593-4eb2-9407-89e793d0b32d,APIVersion:operators.coreos.com/v1alpha1,ResourceVersion:1504937,FieldPath:,} 2021-11-04 10:35:44 -0400 EDT true} {&ObjectReference{Kind:CatalogSource,Namespace:openshift-marketplace,Name:my-test-operators,UID:65a8b34c-5188-49f9-ad7d-ae04cc09b312,APIVersion:operators.coreos.com/v1alpha1,ResourceVersion:1504936,FieldPath:,} 2021-11-04 10:35:44 -0400 EDT true} {&ObjectReference{Kind:CatalogSource,Namespace:openshift-marketplace,Name:redhat-marketplace,UID:48bed0d8-f761-42c4-a247-987475d51da2,APIVersion:operators.coreos.com/v1alpha1,ResourceVersion:1504478,FieldPath:,} 2021-11-04 10:35:44 -0400 EDT true} {&ObjectReference{Kind:CatalogSource,Namespace:openshift-marketplace,Name:redhat-operators,UID:c02f1896-40f4-4167-8d85-ec5bf5ecaeed,APIVersion:operators.coreos.com/v1alpha1,ResourceVersion:1504711,FieldPath:,} 2021-11-04 10:35:44 -0400 EDT true}] [{CatalogSourcesUnhealthy False AllCatalogSourcesHealthy all available catalogsources are healthy <nil> 2021-11-04 10:35:44 -0400 EDT} {ResolutionFailed False   <nil> <nil>} {InstallPlanPending True Installing unpack job not completed: Unpack pod(grafanacloud-operator/79119c4e5e890fda7a3aaee414f32cd2d51daef00dfce812d342d5--1-cvrhh) container(util) is pending. Reason: PodInitializing, Message:  | Unpack pod(grafanacloud-operator/79119c4e5e890fda7a3aaee414f32cd2d51daef00dfce812d342d5--1-cvrhh) container(pull) is pending. Reason: PodInitializing, Message: . <nil> 2021-11-04 10:35:48 -0400 EDT}] 2021-11-04 10:35:48 -0400 EDT}"
time="2021-11-04T10:35:52-04:00" level=debug msg="Object grafanacloud-operator/grafanacloud-operator is not set yet, retrying..."
time="2021-11-04T10:35:54-04:00" level=debug msg="Waiting for object grafanacloud-operator/grafanacloud-operator to become ready..."
time="2021-11-04T10:35:56-04:00" level=debug msg="fetching subscription grafanacloud-operator from namespace grafanacloud-operator "
time="2021-11-04T10:35:56-04:00" level=trace msg="{grafanacloud-operator.v0.0.1  0xc000f2dd00 UpgradePending  1 &ObjectReference{Kind:InstallPlan,Namespace:grafanacloud-operator,Name:install-srjkp,UID:c680ea57-db08-43e4-abe2-3ee0aeb7c91f,APIVersion:operators.coreos.com/v1alpha1,ResourceVersion:1506436,FieldPath:,} [{&ObjectReference{Kind:CatalogSource,Namespace:grafanacloud-operator,Name:grafanacloud-operator,UID:2dd32d03-0344-4889-9fcb-3e457f2e33d2,APIVersion:operators.coreos.com/v1alpha1,ResourceVersion:1506381,FieldPath:,} 2021-11-04 10:35:44 -0400 EDT true} {&ObjectReference{Kind:CatalogSource,Namespace:openshift-marketplace,Name:certified-operators,UID:61c2636c-c330-4e5e-bc9a-4b8e4e8cc9d8,APIVersion:operators.coreos.com/v1alpha1,ResourceVersion:1503791,FieldPath:,} 2021-11-04 10:35:44 -0400 EDT true} {&ObjectReference{Kind:CatalogSource,Namespace:openshift-marketplace,Name:community-operators,UID:4d0c7a92-4593-4eb2-9407-89e793d0b32d,APIVersion:operators.coreos.com/v1alpha1,ResourceVersion:1504937,FieldPath:,} 2021-11-04 10:35:44 -0400 EDT true} {&ObjectReference{Kind:CatalogSource,Namespace:openshift-marketplace,Name:my-test-operators,UID:65a8b34c-5188-49f9-ad7d-ae04cc09b312,APIVersion:operators.coreos.com/v1alpha1,ResourceVersion:1504936,FieldPath:,} 2021-11-04 10:35:44 -0400 EDT true} {&ObjectReference{Kind:CatalogSource,Namespace:openshift-marketplace,Name:redhat-marketplace,UID:48bed0d8-f761-42c4-a247-987475d51da2,APIVersion:operators.coreos.com/v1alpha1,ResourceVersion:1504478,FieldPath:,} 2021-11-04 10:35:44 -0400 EDT true} {&ObjectReference{Kind:CatalogSource,Namespace:openshift-marketplace,Name:redhat-operators,UID:c02f1896-40f4-4167-8d85-ec5bf5ecaeed,APIVersion:operators.coreos.com/v1alpha1,ResourceVersion:1504711,FieldPath:,} 2021-11-04 10:35:44 -0400 EDT true}] [{CatalogSourcesUnhealthy False AllCatalogSourcesHealthy all available catalogsources are healthy <nil> 2021-11-04 10:35:44 -0400 EDT} {ResolutionFailed False   <nil> <nil>} {InstallPlanPending True Installing  <nil> 2021-11-04 10:35:54 -0400 EDT}] 2021-11-04 10:35:54 -0400 EDT}"
time="2021-11-04T10:35:56-04:00" level=debug msg="Object grafanacloud-operator/grafanacloud-operator is not set yet, retrying..."
time="2021-11-04T10:35:58-04:00" level=debug msg="Waiting for object grafanacloud-operator/grafanacloud-operator to become ready..."
time="2021-11-04T10:36:00-04:00" level=debug msg="fetching subscription grafanacloud-operator from namespace grafanacloud-operator "
time="2021-11-04T10:36:01-04:00" level=trace msg="{grafanacloud-operator.v0.0.1 grafanacloud-operator.v0.0.1 0xc001199a80 AtLatestKnown  1 &ObjectReference{Kind:InstallPlan,Namespace:grafanacloud-operator,Name:install-srjkp,UID:c680ea57-db08-43e4-abe2-3ee0aeb7c91f,APIVersion:operators.coreos.com/v1alpha1,ResourceVersion:1506436,FieldPath:,} [{&ObjectReference{Kind:CatalogSource,Namespace:grafanacloud-operator,Name:grafanacloud-operator,UID:2dd32d03-0344-4889-9fcb-3e457f2e33d2,APIVersion:operators.coreos.com/v1alpha1,ResourceVersion:1506381,FieldPath:,} 2021-11-04 10:35:44 -0400 EDT true} {&ObjectReference{Kind:CatalogSource,Namespace:openshift-marketplace,Name:certified-operators,UID:61c2636c-c330-4e5e-bc9a-4b8e4e8cc9d8,APIVersion:operators.coreos.com/v1alpha1,ResourceVersion:1503791,FieldPath:,} 2021-11-04 10:35:44 -0400 EDT true} {&ObjectReference{Kind:CatalogSource,Namespace:openshift-marketplace,Name:community-operators,UID:4d0c7a92-4593-4eb2-9407-89e793d0b32d,APIVersion:operators.coreos.com/v1alpha1,ResourceVersion:1504937,FieldPath:,} 2021-11-04 10:35:44 -0400 EDT true} {&ObjectReference{Kind:CatalogSource,Namespace:openshift-marketplace,Name:my-test-operators,UID:65a8b34c-5188-49f9-ad7d-ae04cc09b312,APIVersion:operators.coreos.com/v1alpha1,ResourceVersion:1504936,FieldPath:,} 2021-11-04 10:35:44 -0400 EDT true} {&ObjectReference{Kind:CatalogSource,Namespace:openshift-marketplace,Name:redhat-marketplace,UID:48bed0d8-f761-42c4-a247-987475d51da2,APIVersion:operators.coreos.com/v1alpha1,ResourceVersion:1504478,FieldPath:,} 2021-11-04 10:35:44 -0400 EDT true} {&ObjectReference{Kind:CatalogSource,Namespace:openshift-marketplace,Name:redhat-operators,UID:c02f1896-40f4-4167-8d85-ec5bf5ecaeed,APIVersion:operators.coreos.com/v1alpha1,ResourceVersion:1504711,FieldPath:,} 2021-11-04 10:35:44 -0400 EDT true}] [{CatalogSourcesUnhealthy False AllCatalogSourcesHealthy all available catalogsources are healthy <nil> 2021-11-04 10:35:44 -0400 EDT} {ResolutionFailed False   <nil> <nil>} {InstallPlanPending True Installing  <nil> 2021-11-04 10:35:54 -0400 EDT}] 2021-11-04 10:35:59 -0400 EDT}"
time="2021-11-04T10:36:01-04:00" level=debug msg="Object is grafanacloud-operator.v0.0.1"
time="2021-11-04T10:36:01-04:00" level=trace msg="Looking for csv grafanacloud-operator.v0.0.1 in namespace grafanacloud-operator"
time="2021-11-04T10:36:01-04:00" level=debug msg="Waiting for object grafanacloud-operator/grafanacloud-operator.v0.0.1 to become ready..."
time="2021-11-04T10:36:03-04:00" level=debug msg="fetching csv grafanacloud-operator.v0.0.1 from namespace grafanacloud-operator "
time="2021-11-04T10:36:03-04:00" level=debug msg="Object grafanacloud-operator/grafanacloud-operator.v0.0.1 is not set yet, retrying..."
time="2021-11-04T10:36:05-04:00" level=debug msg="Waiting for object grafanacloud-operator/grafanacloud-operator.v0.0.1 to become ready..."
time="2021-11-04T10:36:07-04:00" level=debug msg="fetching csv grafanacloud-operator.v0.0.1 from namespace grafanacloud-operator "
time="2021-11-04T10:36:08-04:00" level=debug msg="Object grafanacloud-operator/grafanacloud-operator.v0.0.1 is not set yet, retrying..."
time="2021-11-04T10:36:10-04:00" level=debug msg="Waiting for object grafanacloud-operator/grafanacloud-operator.v0.0.1 to become ready..."
time="2021-11-04T10:36:12-04:00" level=debug msg="fetching csv grafanacloud-operator.v0.0.1 from namespace grafanacloud-operator "
time="2021-11-04T10:36:12-04:00" level=debug msg="CSV is created successfully: grafanacloud-operator.v0.0.1"
time="2021-11-04T10:36:12-04:00" level=debug msg="Object is grafanacloud-operator.v0.0.1"
time="2021-11-04T10:36:15-04:00" level=debug msg="Dumping data in artifacts/ directory"
time="2021-11-04T10:36:18-04:00" level=debug msg="fetching subscription grafanacloud-operator from namespace grafanacloud-operator "
time="2021-11-04T10:36:20-04:00" level=debug msg="fetching catalogsource: grafanacloud-operator"
time="2021-11-04T10:36:23-04:00" level=debug msg="fetching operatorgroup grafanacloud-operator from namespace grafanacloud-operator"
time="2021-11-04T10:36:23-04:00" level=debug msg="fetching namespace: grafanacloud-operator"
time="2021-11-04T10:36:23-04:00" level=trace msg="Deleting the resources created by Check"
time="2021-11-04T10:36:25-04:00" level=debug msg="Deleting Subscription grafanacloud-operator in namespace grafanacloud-operator"
time="2021-11-04T10:36:25-04:00" level=debug msg="Subscription grafanacloud-operator is deleted successfully from namespace grafanacloud-operator"
time="2021-11-04T10:36:28-04:00" level=debug msg="Deleting CatalogSource grafanacloud-operator in namespace grafanacloud-operator"
time="2021-11-04T10:36:28-04:00" level=debug msg="CatalogSource grafanacloud-operator is deleted successfully from namespace grafanacloud-operator"
time="2021-11-04T10:36:30-04:00" level=debug msg="Deleting OperatorGroup grafanacloud-operator in namespace grafanacloud-operator"
time="2021-11-04T10:36:30-04:00" level=debug msg="OperatorGroup grafanacloud-operator is deleted successfully from namespace grafanacloud-operator"
time="2021-11-04T10:36:30-04:00" level=debug msg="Deleting secret registry-auth-keys from namespace grafanacloud-operator"
time="2021-11-04T10:36:30-04:00" level=debug msg="Deleting namespace: grafanacloud-operator"
time="2021-11-04T10:36:30-04:00" level=info msg="check completed: DeployableByOLM" result=PASSED
time="2021-11-04T10:36:30-04:00" level=info msg="running check: ValidateOperatorBundle"
time="2021-11-04T10:36:30-04:00" level=trace msg="reading annotations file from the bundle"
time="2021-11-04T10:36:30-04:00" level=debug msg="mounted directory is /var/folders/zs/rb9kxcf50f13hlk4h1_syxgr0000gn/T/preflight-3613228020/fs"
time="2021-11-04T10:36:30-04:00" level=debug msg="Command being run: [operator-sdk bundle validate -b none --output json-alpha1 --select-optional name=community --select-optional name=operatorhub --verbose /var/folders/zs/rb9kxcf50f13hlk4h1_syxgr0000gn/T/preflight-3613228020/fs]"
time="2021-11-04T10:36:30-04:00" level=warning msg="Warning: Value : (grafanacloud-operator.v0.0.1) csv.Spec.minKubeVersion is not informed. It is recommended you provide this information. Otherwise, it would mean that your operator project can be distributed and installed in any cluster version available, which is not necessarily the case for all projects."
time="2021-11-04T10:36:30-04:00" level=info msg="check completed: ValidateOperatorBundle" result=PASSED
time="2021-11-04T10:36:30-04:00" level=debug msg="md5 sum: 1b1bf2c209ab3f7f7e403e56c0bd45f1"
